Using pre-set license
Built from '2021.3/staging' branch; Version is '2021.3.2f1 (d6360bedb9a0) revision 14038539'; Using compiler version '192829333'; Build Type 'Release'
OS: 'Windows 10  (10.0.19044) 64bit Core' Language: 'en' Physical Memory: 16325 MB
BatchMode: 1, IsHumanControllingUs: 0, StartBugReporterOnCrash: 0, Is64bit: 1, IsPro: 1

COMMAND LINE ARGUMENTS:
E:\UnityPractice\2021.3.2f1\Editor\Unity.exe
-adb2
-batchMode
-noUpm
-name
AssetImportWorker0
-projectPath
C:/Users/Jem/Documents/GitHub/GDTVGameJam2022/TruckKun2
-logFile
Logs/AssetImportWorker0.log
-srvPort
53329
Successfully changed project path to: C:/Users/Jem/Documents/GitHub/GDTVGameJam2022/TruckKun2
C:/Users/Jem/Documents/GitHub/GDTVGameJam2022/TruckKun2
[UnityMemory] Configuration Parameters - Can be set up in boot.config
    "memorysetup-bucket-allocator-granularity=16"
    "memorysetup-bucket-allocator-bucket-count=8"
    "memorysetup-bucket-allocator-block-size=33554432"
    "memorysetup-bucket-allocator-block-count=8"
    "memorysetup-main-allocator-block-size=16777216"
    "memorysetup-thread-allocator-block-size=16777216"
    "memorysetup-gfx-main-allocator-block-size=16777216"
    "memorysetup-gfx-thread-allocator-block-size=16777216"
    "memorysetup-cache-allocator-block-size=4194304"
    "memorysetup-typetree-allocator-block-size=2097152"
    "memorysetup-profiler-bucket-allocator-granularity=16"
    "memorysetup-profiler-bucket-allocator-bucket-count=8"
    "memorysetup-profiler-bucket-allocator-block-size=33554432"
    "memorysetup-profiler-bucket-allocator-block-count=8"
    "memorysetup-profiler-allocator-block-size=16777216"
    "memorysetup-profiler-editor-allocator-block-size=1048576"
    "memorysetup-temp-allocator-size-main=16777216"
    "memorysetup-job-temp-allocator-block-size=2097152"
    "memorysetup-job-temp-allocator-block-size-background=1048576"
    "memorysetup-job-temp-allocator-reduction-small-platforms=262144"
    "memorysetup-temp-allocator-size-background-worker=32768"
    "memorysetup-temp-allocator-size-job-worker=262144"
    "memorysetup-temp-allocator-size-preload-manager=33554432"
    "memorysetup-temp-allocator-size-nav-mesh-worker=65536"
    "memorysetup-temp-allocator-size-audio-worker=65536"
    "memorysetup-temp-allocator-size-cloud-worker=32768"
    "memorysetup-temp-allocator-size-gi-baking-worker=262144"
    "memorysetup-temp-allocator-size-gfx=262144"
Refreshing native plugins compatible for Editor in 93.15 ms, found 3 plugins.
Preloading 0 native plugins for Editor in 0.00 ms.
Initialize engine version: 2021.3.2f1 (d6360bedb9a0)
[Subsystems] Discovering subsystems at path E:/UnityPractice/2021.3.2f1/Editor/Data/Resources/UnitySubsystems
[Subsystems] Discovering subsystems at path C:/Users/Jem/Documents/GitHub/GDTVGameJam2022/TruckKun2/Assets
GfxDevice: creating device client; threaded=0; jobified=0
Direct3D:
    Version:  Direct3D 11.0 [level 11.1]
    Renderer: NVIDIA GeForce GTX 1060 3GB (ID=0x1c02)
    Vendor:   NVIDIA
    VRAM:     2988 MB
    Driver:   27.21.14.5671
Initialize mono
Mono path[0] = 'E:/UnityPractice/2021.3.2f1/Editor/Data/Managed'
Mono path[1] = 'E:/UnityPractice/2021.3.2f1/Editor/Data/MonoBleedingEdge/lib/mono/unityjit-win32'
Mono config path = 'E:/UnityPractice/2021.3.2f1/Editor/Data/MonoBleedingEdge/etc'
Using monoOptions --debugger-agent=transport=dt_socket,embedding=1,server=y,suspend=n,address=127.0.0.1:56192
Begin MonoManager ReloadAssembly
Registering precompiled unity dll's ...
Register platform support module: E:/UnityPractice/2021.3.2f1/Editor/Data/PlaybackEngines/WebGLSupport/UnityEditor.WebGL.Extensions.dll
Register platform support module: E:/UnityPractice/2021.3.2f1/Editor/Data/PlaybackEngines/WindowsStandaloneSupport/UnityEditor.WindowsStandalone.Extensions.dll
Registered in 0.005271 seconds.
Native extension for WindowsStandalone target not found
Native extension for WebGL target not found
Refreshing native plugins compatible for Editor in 106.26 ms, found 3 plugins.
Preloading 0 native plugins for Editor in 0.00 ms.
Mono: successfully reloaded assembly
- Completed reload, in  0.754 seconds
Domain Reload Profiling:
	ReloadAssembly (755ms)
		BeginReloadAssembly (108ms)
			ExecutionOrderSort (0ms)
			DisableScriptedObjects (0ms)
			BackupInstance (0ms)
			ReleaseScriptingObjects (0ms)
			CreateAndSetChildDomain (1ms)
		EndReloadAssembly (525ms)
			LoadAssemblies (109ms)
			RebuildTransferFunctionScriptingTraits (0ms)
			SetupTypeCache (121ms)
			ReleaseScriptCaches (0ms)
			RebuildScriptCaches (27ms)
			SetupLoadedEditorAssemblies (324ms)
				LogAssemblyErrors (0ms)
				InitializePlatformSupportModulesInManaged (7ms)
				SetLoadedEditorAssemblies (0ms)
				RefreshPlugins (106ms)
				BeforeProcessingInitializeOnLoad (1ms)
				ProcessInitializeOnLoadAttributes (154ms)
				ProcessInitializeOnLoadMethodAttributes (54ms)
				AfterProcessingInitializeOnLoad (0ms)
				EditorAssembliesLoaded (0ms)
			ExecutionOrderSort2 (0ms)
			AwakeInstancesAfterBackupRestoration (0ms)
Platform modules already initialized, skipping
Registering precompiled user dll's ...
Registered in 0.012460 seconds.
Begin MonoManager ReloadAssembly
Symbol file LoadedFromMemory doesn't match image C:\Users\Jem\Documents\GitHub\GDTVGameJam2022\TruckKun2\Library\PackageCache\com.unity.visualscripting@1.7.6\Editor\VisualScripting.Core\Dependencies\YamlDotNet\Unity.VisualScripting.YamlDotNet.dll
Symbol file LoadedFromMemory doesn't match image C:\Users\Jem\Documents\GitHub\GDTVGameJam2022\TruckKun2\Library\PackageCache\com.unity.visualscripting@1.7.6\Editor\VisualScripting.Core\Dependencies\DotNetZip\Unity.VisualScripting.IonicZip.dll
Native extension for WindowsStandalone target not found
Native extension for WebGL target not found
Refreshing native plugins compatible for Editor in 0.98 ms, found 3 plugins.
Preloading 0 native plugins for Editor in 0.00 ms.
Mono: successfully reloaded assembly
- Completed reload, in  1.450 seconds
Domain Reload Profiling:
	ReloadAssembly (1450ms)
		BeginReloadAssembly (142ms)
			ExecutionOrderSort (0ms)
			DisableScriptedObjects (6ms)
			BackupInstance (0ms)
			ReleaseScriptingObjects (0ms)
			CreateAndSetChildDomain (21ms)
		EndReloadAssembly (877ms)
			LoadAssemblies (121ms)
			RebuildTransferFunctionScriptingTraits (0ms)
			SetupTypeCache (282ms)
			ReleaseScriptCaches (1ms)
			RebuildScriptCaches (54ms)
			SetupLoadedEditorAssemblies (412ms)
				LogAssemblyErrors (0ms)
				InitializePlatformSupportModulesInManaged (6ms)
				SetLoadedEditorAssemblies (0ms)
				RefreshPlugins (1ms)
				BeforeProcessingInitializeOnLoad (112ms)
				ProcessInitializeOnLoadAttributes (258ms)
				ProcessInitializeOnLoadMethodAttributes (32ms)
				AfterProcessingInitializeOnLoad (4ms)
				EditorAssembliesLoaded (0ms)
			ExecutionOrderSort2 (0ms)
			AwakeInstancesAfterBackupRestoration (8ms)
Platform modules already initialized, skipping
========================================================================
Worker process is ready to serve import requests
Launched and connected shader compiler UnityShaderCompiler.exe after 0.11 seconds
Refreshing native plugins compatible for Editor in 0.90 ms, found 3 plugins.
Preloading 0 native plugins for Editor in 0.00 ms.
Unloading 3380 Unused Serialized files (Serialized files now loaded: 0)
Unloading 26 unused Assets / (113.0 KB). Loaded Objects now: 3838.
Memory consumption went from 121.4 MB to 121.3 MB.
Total: 5.067200 ms (FindLiveObjects: 0.419000 ms CreateObjectMapping: 0.322300 ms MarkObjects: 4.174900 ms  DeleteObjects: 0.150100 ms)

AssetImportParameters requested are different than current active one (requested -> active):
  custom:video-decoder-ogg-theora: a1e56fd34408186e4bbccfd4996cb3dc -> 
  custom:container-muxer-webm: aa71ff27fc2769a1b78a27578f13a17b -> 
  custom:container-demuxer-webm: 4f35f7cbe854078d1ac9338744f61a02 -> 
  custom:video-encoder-webm-vp8: eb34c28f22e8b96e1ab97ce403110664 -> 
  custom:video-codec-MediaFoundation-h265: 746d11721c4dcdbdad8f713fa42b33f4 -> 
  custom:audio-encoder-webm-vorbis: bf7c407c2cedff20999df2af8eb42d56 -> 
  custom:framework-win-MediaFoundation: 216162199b28c13a410421893ffa2e32 -> 
  custom:container-demuxer-ogg: 62fdf1f143b41e24485cea50d1cbac27 -> 
  custom:video-decoder-webm-vp8: 9c59270c3fd7afecdb556c50c9e8de78 -> 
  custom:audio-decoder-ogg-vorbis: bf7c407c2cedff20999df2af8eb42d56 -> 
========================================================================
Received Import Request.
  Time since last request: 70751.059441 seconds.
  path: Assets/ZRNAssets/005339_08932_25_14
  artifactKey: Guid(e97ebda2e23854440997df7cd31c7e5d) Importer(815301076,1909f56bfc062723c751e8b465ee728b)
Start importing Assets/ZRNAssets/005339_08932_25_14 using Guid(e97ebda2e23854440997df7cd31c7e5d) Importer(815301076,1909f56bfc062723c751e8b465ee728b)  -> (artifact id: 'f7236269291c3e3e1f962193b9a6c850') in 0.014648 seconds 
========================================================================
Received Import Request.
  Time since last request: 0.469391 seconds.
  path: Assets/ZRNAssets/005339_08932_25_14/Models
  artifactKey: Guid(2bc09a3309fd7484a82c0269d128dfa6) Importer(815301076,1909f56bfc062723c751e8b465ee728b)
Start importing Assets/ZRNAssets/005339_08932_25_14/Models using Guid(2bc09a3309fd7484a82c0269d128dfa6) Importer(815301076,1909f56bfc062723c751e8b465ee728b)  -> (artifact id: 'b1a0d7b974c43143a0672a668d7d5456') in 0.007093 seconds 
========================================================================
Received Import Request.
  Time since last request: 0.173017 seconds.
  path: Assets/ZRNAssets/005339_08932_25_14/Models/PQ_Remake_AKIHABARA.fbx
  artifactKey: Guid(c925872ce3bfa384589bf34b953d5a65) Importer(815301076,1909f56bfc062723c751e8b465ee728b)
Start importing Assets/ZRNAssets/005339_08932_25_14/Models/PQ_Remake_AKIHABARA.fbx using Guid(c925872ce3bfa384589bf34b953d5a65) Importer(815301076,1909f56bfc062723c751e8b465ee728b)  -> (artifact id: 'fe1cce28705ed67d1ff20ddd9bb75501') in 16.849558 seconds 
========================================================================
Received Import Request.
  Time since last request: 0.101358 seconds.
  path: Assets/ZRNAssets/Cars/Models
  artifactKey: Guid(6ffa358fe1dfc4db3859c26699beec2b) Importer(815301076,1909f56bfc062723c751e8b465ee728b)
Start importing Assets/ZRNAssets/Cars/Models using Guid(6ffa358fe1dfc4db3859c26699beec2b) Importer(815301076,1909f56bfc062723c751e8b465ee728b)  -> (artifact id: 'd3285e6af34187f443049f0df48c8de2') in 0.003240 seconds 
========================================================================
Received Import Request.
  Time since last request: 0.033204 seconds.
  path: Assets/ZRNAssets/Cars/Models/Car_Hatchback_01.fbx
  artifactKey: Guid(5a6eed32a572e564cb45ed3a3d2df7e0) Importer(815301076,1909f56bfc062723c751e8b465ee728b)
Start importing Assets/ZRNAssets/Cars/Models/Car_Hatchback_01.fbx using Guid(5a6eed32a572e564cb45ed3a3d2df7e0) Importer(815301076,1909f56bfc062723c751e8b465ee728b)  -> (artifact id: 'e8a881ed90a1693ec8d585efc4202226') in 0.074637 seconds 
========================================================================
Received Import Request.
  Time since last request: 0.000027 seconds.
  path: Assets/ZRNAssets/Cars/Models/Car_Track_01.fbx
  artifactKey: Guid(e985a6d47f251464780287666d63a9bf) Importer(815301076,1909f56bfc062723c751e8b465ee728b)
Start importing Assets/ZRNAssets/Cars/Models/Car_Track_01.fbx using Guid(e985a6d47f251464780287666d63a9bf) Importer(815301076,1909f56bfc062723c751e8b465ee728b)  -> (artifact id: 'bad59f929b89c42c06e15e993ef7437e') in 0.432766 seconds 
========================================================================
Received Import Request.
  Time since last request: 0.000024 seconds.
  path: Assets/ZRNAssets/Cars/Models/Car_Sedan_04.fbx
  artifactKey: Guid(838f9049be2d5a74fba32229abd9cd4f) Importer(815301076,1909f56bfc062723c751e8b465ee728b)
Start importing Assets/ZRNAssets/Cars/Models/Car_Sedan_04.fbx using Guid(838f9049be2d5a74fba32229abd9cd4f) Importer(815301076,1909f56bfc062723c751e8b465ee728b)  -> (artifact id: '1fd9f167863346c06d82b3ca87e7c7d0') in 0.057929 seconds 
========================================================================
Received Import Request.
  Time since last request: 0.000022 seconds.
  path: Assets/ZRNAssets/Cars/Models/Car_Track_02.fbx
  artifactKey: Guid(e98027ec41fa73b4b98c5433a92f914c) Importer(815301076,1909f56bfc062723c751e8b465ee728b)
Start importing Assets/ZRNAssets/Cars/Models/Car_Track_02.fbx using Guid(e98027ec41fa73b4b98c5433a92f914c) Importer(815301076,1909f56bfc062723c751e8b465ee728b)  -> (artifact id: 'e8b6f716e1f3180525981e40a9ec4e0c') in 0.062853 seconds 
========================================================================
Received Import Request.
  Time since last request: 0.000026 seconds.
  path: Assets/ZRNAssets/Cars/Models/Car_Sedan_01.fbx
  artifactKey: Guid(4d7891db533dd4b41a1536b17e6fa76c) Importer(815301076,1909f56bfc062723c751e8b465ee728b)
Start importing Assets/ZRNAssets/Cars/Models/Car_Sedan_01.fbx using Guid(4d7891db533dd4b41a1536b17e6fa76c) Importer(815301076,1909f56bfc062723c751e8b465ee728b)  -> (artifact id: '87f4d9573f29704993d4d5faafc4a9ec') in 0.063292 seconds 
========================================================================
Received Import Request.
  Time since last request: 0.000029 seconds.
  path: Assets/ZRNAssets/Cars/Models/Car_TAXI_02.fbx
  artifactKey: Guid(39e44efe2a777194985bab18b8f14d7e) Importer(815301076,1909f56bfc062723c751e8b465ee728b)
Start importing Assets/ZRNAssets/Cars/Models/Car_TAXI_02.fbx using Guid(39e44efe2a777194985bab18b8f14d7e) Importer(815301076,1909f56bfc062723c751e8b465ee728b)  -> (artifact id: '3c0829c22363c24de89050fa5e66dc5c') in 0.077081 seconds 
========================================================================
Received Import Request.
  Time since last request: 0.000028 seconds.
  path: Assets/ZRNAssets/Cars/Models/Car_Kei_03.fbx
  artifactKey: Guid(5d7c4e0917dcbc842a0a978f30d35ca3) Importer(815301076,1909f56bfc062723c751e8b465ee728b)
Start importing Assets/ZRNAssets/Cars/Models/Car_Kei_03.fbx using Guid(5d7c4e0917dcbc842a0a978f30d35ca3) Importer(815301076,1909f56bfc062723c751e8b465ee728b)  -> (artifact id: 'db22dc7a0cfb2461b1087cdcf0a83080') in 0.070986 seconds 
========================================================================
Received Import Request.
  Time since last request: 0.000028 seconds.
  path: Assets/ZRNAssets/Cars/Models/Car_Kei_02.fbx
  artifactKey: Guid(e115853ad0266f54bab87692519ef13c) Importer(815301076,1909f56bfc062723c751e8b465ee728b)
Start importing Assets/ZRNAssets/Cars/Models/Car_Kei_02.fbx using Guid(e115853ad0266f54bab87692519ef13c) Importer(815301076,1909f56bfc062723c751e8b465ee728b)  -> (artifact id: 'a584d9383492f96ac094acc256fbc16f') in 0.054717 seconds 
========================================================================
Received Import Request.
  Time since last request: 0.000019 seconds.
  path: Assets/ZRNAssets/Cars/Models/Car_Hatchback_03.fbx
  artifactKey: Guid(bfef2e7d045e5874faee9e828b19ebd8) Importer(815301076,1909f56bfc062723c751e8b465ee728b)
Start importing Assets/ZRNAssets/Cars/Models/Car_Hatchback_03.fbx using Guid(bfef2e7d045e5874faee9e828b19ebd8) Importer(815301076,1909f56bfc062723c751e8b465ee728b)  -> (artifact id: 'c71f4a74cb09648f248c4c64c2c8f6fb') in 0.052944 seconds 
========================================================================
Received Prepare
Registering precompiled user dll's ...
Registered in 0.009690 seconds.
Begin MonoManager ReloadAssembly
Symbol file LoadedFromMemory doesn't match image C:\Users\Jem\Documents\GitHub\GDTVGameJam2022\TruckKun2\Library\PackageCache\com.unity.visualscripting@1.7.6\Editor\VisualScripting.Core\Dependencies\YamlDotNet\Unity.VisualScripting.YamlDotNet.dll
Symbol file LoadedFromMemory doesn't match image C:\Users\Jem\Documents\GitHub\GDTVGameJam2022\TruckKun2\Library\PackageCache\com.unity.visualscripting@1.7.6\Editor\VisualScripting.Core\Dependencies\DotNetZip\Unity.VisualScripting.IonicZip.dll
Native extension for WindowsStandalone target not found
Native extension for WebGL target not found
Refreshing native plugins compatible for Editor in 0.86 ms, found 3 plugins.
Preloading 0 native plugins for Editor in 0.00 ms.
Mono: successfully reloaded assembly
- Completed reload, in  1.336 seconds
Domain Reload Profiling:
	ReloadAssembly (1337ms)
		BeginReloadAssembly (183ms)
			ExecutionOrderSort (0ms)
			DisableScriptedObjects (7ms)
			BackupInstance (0ms)
			ReleaseScriptingObjects (0ms)
			CreateAndSetChildDomain (39ms)
		EndReloadAssembly (1014ms)
			LoadAssemblies (133ms)
			RebuildTransferFunctionScriptingTraits (0ms)
			SetupTypeCache (359ms)
			ReleaseScriptCaches (2ms)
			RebuildScriptCaches (60ms)
			SetupLoadedEditorAssemblies (425ms)
				LogAssemblyErrors (0ms)
				InitializePlatformSupportModulesInManaged (18ms)
				SetLoadedEditorAssemblies (1ms)
				RefreshPlugins (1ms)
				BeforeProcessingInitializeOnLoad (94ms)
				ProcessInitializeOnLoadAttributes (274ms)
				ProcessInitializeOnLoadMethodAttributes (33ms)
				AfterProcessingInitializeOnLoad (4ms)
				EditorAssembliesLoaded (0ms)
			ExecutionOrderSort2 (0ms)
			AwakeInstancesAfterBackupRestoration (10ms)
Platform modules already initialized, skipping
Refreshing native plugins compatible for Editor in 3.41 ms, found 3 plugins.
Preloading 0 native plugins for Editor in 0.00 ms.
Unloading 3370 Unused Serialized files (Serialized files now loaded: 0)
Unloading 19 unused Assets / (80.9 KB). Loaded Objects now: 3852.
Memory consumption went from 132.0 MB to 132.0 MB.
Total: 4.379600 ms (FindLiveObjects: 0.355600 ms CreateObjectMapping: 0.283700 ms MarkObjects: 3.632000 ms  DeleteObjects: 0.107000 ms)

AssetImportParameters requested are different than current active one (requested -> active):
  custom:video-decoder-ogg-theora: a1e56fd34408186e4bbccfd4996cb3dc -> 
  custom:container-muxer-webm: aa71ff27fc2769a1b78a27578f13a17b -> 
  custom:container-demuxer-webm: 4f35f7cbe854078d1ac9338744f61a02 -> 
  custom:video-encoder-webm-vp8: eb34c28f22e8b96e1ab97ce403110664 -> 
  custom:video-codec-MediaFoundation-h265: 746d11721c4dcdbdad8f713fa42b33f4 -> 
  custom:audio-encoder-webm-vorbis: bf7c407c2cedff20999df2af8eb42d56 -> 
  custom:framework-win-MediaFoundation: 216162199b28c13a410421893ffa2e32 -> 
  custom:container-demuxer-ogg: 62fdf1f143b41e24485cea50d1cbac27 -> 
  custom:video-decoder-webm-vp8: 9c59270c3fd7afecdb556c50c9e8de78 -> 
  custom:audio-decoder-ogg-vorbis: bf7c407c2cedff20999df2af8eb42d56 -> 
========================================================================
Received Prepare
Registering precompiled user dll's ...
Registered in 0.009916 seconds.
Begin MonoManager ReloadAssembly
Symbol file LoadedFromMemory doesn't match image C:\Users\Jem\Documents\GitHub\GDTVGameJam2022\TruckKun2\Library\PackageCache\com.unity.visualscripting@1.7.6\Editor\VisualScripting.Core\Dependencies\YamlDotNet\Unity.VisualScripting.YamlDotNet.dll
Symbol file LoadedFromMemory doesn't match image C:\Users\Jem\Documents\GitHub\GDTVGameJam2022\TruckKun2\Library\PackageCache\com.unity.visualscripting@1.7.6\Editor\VisualScripting.Core\Dependencies\DotNetZip\Unity.VisualScripting.IonicZip.dll
Native extension for WindowsStandalone target not found
Native extension for WebGL target not found
Refreshing native plugins compatible for Editor in 0.69 ms, found 3 plugins.
Preloading 0 native plugins for Editor in 0.00 ms.
Mono: successfully reloaded assembly
- Completed reload, in  1.389 seconds
Domain Reload Profiling:
	ReloadAssembly (1390ms)
		BeginReloadAssembly (177ms)
			ExecutionOrderSort (0ms)
			DisableScriptedObjects (5ms)
			BackupInstance (0ms)
			ReleaseScriptingObjects (0ms)
			CreateAndSetChildDomain (38ms)
		EndReloadAssembly (1084ms)
			LoadAssemblies (140ms)
			RebuildTransferFunctionScriptingTraits (0ms)
			SetupTypeCache (387ms)
			ReleaseScriptCaches (2ms)
			RebuildScriptCaches (53ms)
			SetupLoadedEditorAssemblies (471ms)
				LogAssemblyErrors (0ms)
				InitializePlatformSupportModulesInManaged (20ms)
				SetLoadedEditorAssemblies (1ms)
				RefreshPlugins (1ms)
				BeforeProcessingInitializeOnLoad (108ms)
				ProcessInitializeOnLoadAttributes (298ms)
				ProcessInitializeOnLoadMethodAttributes (37ms)
				AfterProcessingInitializeOnLoad (6ms)
				EditorAssembliesLoaded (0ms)
			ExecutionOrderSort2 (0ms)
			AwakeInstancesAfterBackupRestoration (9ms)
Platform modules already initialized, skipping
Refreshing native plugins compatible for Editor in 3.95 ms, found 3 plugins.
Preloading 0 native plugins for Editor in 0.00 ms.
Unloading 3370 Unused Serialized files (Serialized files now loaded: 0)
Unloading 19 unused Assets / (80.7 KB). Loaded Objects now: 3855.
Memory consumption went from 132.0 MB to 132.0 MB.
Total: 4.317400 ms (FindLiveObjects: 0.362800 ms CreateObjectMapping: 0.130300 ms MarkObjects: 3.698400 ms  DeleteObjects: 0.124700 ms)

AssetImportParameters requested are different than current active one (requested -> active):
  custom:video-decoder-ogg-theora: a1e56fd34408186e4bbccfd4996cb3dc -> 
  custom:container-muxer-webm: aa71ff27fc2769a1b78a27578f13a17b -> 
  custom:container-demuxer-webm: 4f35f7cbe854078d1ac9338744f61a02 -> 
  custom:video-encoder-webm-vp8: eb34c28f22e8b96e1ab97ce403110664 -> 
  custom:video-codec-MediaFoundation-h265: 746d11721c4dcdbdad8f713fa42b33f4 -> 
  custom:audio-encoder-webm-vorbis: bf7c407c2cedff20999df2af8eb42d56 -> 
  custom:framework-win-MediaFoundation: 216162199b28c13a410421893ffa2e32 -> 
  custom:container-demuxer-ogg: 62fdf1f143b41e24485cea50d1cbac27 -> 
  custom:video-decoder-webm-vp8: 9c59270c3fd7afecdb556c50c9e8de78 -> 
  custom:audio-decoder-ogg-vorbis: bf7c407c2cedff20999df2af8eb42d56 -> 
========================================================================
Received Import Request.
  Time since last request: 75.460445 seconds.
  path: Assets/ZRNAssets/005339_08932_25_14/Materials/005339_08932_25_14_TransP_unitedmat_0.mat
  artifactKey: Guid(a678e81398df646e1b1ef15826ca49f4) Importer(815301076,1909f56bfc062723c751e8b465ee728b)
Start importing Assets/ZRNAssets/005339_08932_25_14/Materials/005339_08932_25_14_TransP_unitedmat_0.mat using Guid(a678e81398df646e1b1ef15826ca49f4) Importer(815301076,1909f56bfc062723c751e8b465ee728b)  -> (artifact id: '8b2f384a922a3f6b9f3f50ea55cc0e16') in 0.140341 seconds 
========================================================================
Received Import Request.
  Time since last request: 0.384407 seconds.
  path: Assets/ZRNAssets/005339_08932_25_14/Materials/005339_08932_25_14_TransP_unitedmat_5.mat
  artifactKey: Guid(28c16982a0e304c65b0f3ad40bdd2a0d) Importer(815301076,1909f56bfc062723c751e8b465ee728b)
Start importing Assets/ZRNAssets/005339_08932_25_14/Materials/005339_08932_25_14_TransP_unitedmat_5.mat using Guid(28c16982a0e304c65b0f3ad40bdd2a0d) Importer(815301076,1909f56bfc062723c751e8b465ee728b)  -> (artifact id: '52162e20cbb9f274159f0aa1f05f7818') in 0.022193 seconds 
========================================================================
Received Import Request.
  Time since last request: 0.000094 seconds.
  path: Assets/ZRNAssets/005339_08932_25_14/Materials/005339_08932_25_14_unitedmat_55.mat
  artifactKey: Guid(e7d387bc1cc954fe689f3c0d190e2a16) Importer(815301076,1909f56bfc062723c751e8b465ee728b)
Start importing Assets/ZRNAssets/005339_08932_25_14/Materials/005339_08932_25_14_unitedmat_55.mat using Guid(e7d387bc1cc954fe689f3c0d190e2a16) Importer(815301076,1909f56bfc062723c751e8b465ee728b)  -> (artifact id: 'e80e76c21138b288b952e9965003de07') in 0.018564 seconds 
========================================================================
Received Import Request.
  Time since last request: 0.000027 seconds.
  path: Assets/ZRNAssets/005339_08932_25_14/Materials/005339_08932_25_14_unitedmat_38.mat
  artifactKey: Guid(85069925515a346ec90a5c66f3685c50) Importer(815301076,1909f56bfc062723c751e8b465ee728b)
Start importing Assets/ZRNAssets/005339_08932_25_14/Materials/005339_08932_25_14_unitedmat_38.mat using Guid(85069925515a346ec90a5c66f3685c50) Importer(815301076,1909f56bfc062723c751e8b465ee728b)  -> (artifact id: '2932460f70ce973c2cf925e0bfd1d7d1') in 0.018140 seconds 
========================================================================
Received Import Request.
  Time since last request: 0.000021 seconds.
  path: Assets/ZRNAssets/005339_08932_25_14/Materials/005339_08932_25_14_unitedmat_26.mat
  artifactKey: Guid(a258202ea3cfe452cb00537e1d6f9e7a) Importer(815301076,1909f56bfc062723c751e8b465ee728b)
Start importing Assets/ZRNAssets/005339_08932_25_14/Materials/005339_08932_25_14_unitedmat_26.mat using Guid(a258202ea3cfe452cb00537e1d6f9e7a) Importer(815301076,1909f56bfc062723c751e8b465ee728b)  -> (artifact id: 'f60c04416650ee916a8c0b2f7962e70b') in 0.018024 seconds 
========================================================================
Received Import Request.
  Time since last request: 0.000025 seconds.
  path: Assets/ZRNAssets/005339_08932_25_14/Materials/005339_08932_25_14_TransP_unitedmat_6.mat
  artifactKey: Guid(7f90e7514c6914b43868c168537fd19f) Importer(815301076,1909f56bfc062723c751e8b465ee728b)
Start importing Assets/ZRNAssets/005339_08932_25_14/Materials/005339_08932_25_14_TransP_unitedmat_6.mat using Guid(7f90e7514c6914b43868c168537fd19f) Importer(815301076,1909f56bfc062723c751e8b465ee728b)  -> (artifact id: '4ec69e05a70d5a8bf0371de422dbbed7') in 0.020907 seconds 
========================================================================
Received Import Request.
  Time since last request: 0.000018 seconds.
  path: Assets/ZRNAssets/005339_08932_25_14/Materials/005339_08932_25_14_unitedmat_72.mat
  artifactKey: Guid(f76b6dcea1f8e4e1d8c1037ff806843f) Importer(815301076,1909f56bfc062723c751e8b465ee728b)
Start importing Assets/ZRNAssets/005339_08932_25_14/Materials/005339_08932_25_14_unitedmat_72.mat using Guid(f76b6dcea1f8e4e1d8c1037ff806843f) Importer(815301076,1909f56bfc062723c751e8b465ee728b)  -> (artifact id: 'a44459903aff9ae3949f0895b43b147f') in 0.016505 seconds 
========================================================================
Received Import Request.
  Time since last request: 0.000029 seconds.
  path: Assets/ZRNAssets/005339_08932_25_14/Materials/005339_08932_25_14_unitedmat_6.mat
  artifactKey: Guid(26f4ec40c1b6549faa20451609962b9a) Importer(815301076,1909f56bfc062723c751e8b465ee728b)
Start importing Assets/ZRNAssets/005339_08932_25_14/Materials/005339_08932_25_14_unitedmat_6.mat using Guid(26f4ec40c1b6549faa20451609962b9a) Importer(815301076,1909f56bfc062723c751e8b465ee728b)  -> (artifact id: 'd072a81da725a3d7dc326dbe577f3bc0') in 0.016393 seconds 
========================================================================
Received Import Request.
  Time since last request: 0.000021 seconds.
  path: Assets/ZRNAssets/005339_08932_25_14/Materials/005339_08932_25_14_unitedmat_1.mat
  artifactKey: Guid(fc88a13402c574d6a92233480a92d398) Importer(815301076,1909f56bfc062723c751e8b465ee728b)
Start importing Assets/ZRNAssets/005339_08932_25_14/Materials/005339_08932_25_14_unitedmat_1.mat using Guid(fc88a13402c574d6a92233480a92d398) Importer(815301076,1909f56bfc062723c751e8b465ee728b)  -> (artifact id: 'e25e413a33d980d1032e4f92b1896608') in 0.018495 seconds 
========================================================================
Received Import Request.
  Time since last request: 0.000019 seconds.
  path: Assets/ZRNAssets/005339_08932_25_14/Materials/005339_08932_25_14_unitedmat_62.mat
  artifactKey: Guid(08e05218fe5d64cf9830f8db4f11a986) Importer(815301076,1909f56bfc062723c751e8b465ee728b)
Start importing Assets/ZRNAssets/005339_08932_25_14/Materials/005339_08932_25_14_unitedmat_62.mat using Guid(08e05218fe5d64cf9830f8db4f11a986) Importer(815301076,1909f56bfc062723c751e8b465ee728b)  -> (artifact id: '9cded8cad7ddcfde5300a894ba4f6c23') in 0.019723 seconds 
========================================================================
Received Import Request.
  Time since last request: 0.000021 seconds.
  path: Assets/ZRNAssets/005339_08932_25_14/Materials/005339_08932_25_14_unitedmat_56.mat
  artifactKey: Guid(f00ea7c79322e49a78ee645160f395f8) Importer(815301076,1909f56bfc062723c751e8b465ee728b)
Start importing Assets/ZRNAssets/005339_08932_25_14/Materials/005339_08932_25_14_unitedmat_56.mat using Guid(f00ea7c79322e49a78ee645160f395f8) Importer(815301076,1909f56bfc062723c751e8b465ee728b)  -> (artifact id: 'c240db3abd1877f447cb99e21320e91d') in 0.022028 seconds 
========================================================================
Received Import Request.
  Time since last request: 0.000019 seconds.
  path: Assets/ZRNAssets/005339_08932_25_14/Materials/005339_08932_25_14_unitedmat_59.mat
  artifactKey: Guid(f4a95386e9cce4b1e9eeeedff6df9bd6) Importer(815301076,1909f56bfc062723c751e8b465ee728b)
Start importing Assets/ZRNAssets/005339_08932_25_14/Materials/005339_08932_25_14_unitedmat_59.mat using Guid(f4a95386e9cce4b1e9eeeedff6df9bd6) Importer(815301076,1909f56bfc062723c751e8b465ee728b)  -> (artifact id: '036637b6039c44b20f520579bf8b4b7a') in 0.017676 seconds 
========================================================================
Received Import Request.
  Time since last request: 0.000026 seconds.
  path: Assets/ZRNAssets/005339_08932_25_14/Materials/005339_08932_25_14_TransP_unitedmat_7.mat
  artifactKey: Guid(cc0d940a9b97d45c48a17d225bbc5096) Importer(815301076,1909f56bfc062723c751e8b465ee728b)
Start importing Assets/ZRNAssets/005339_08932_25_14/Materials/005339_08932_25_14_TransP_unitedmat_7.mat using Guid(cc0d940a9b97d45c48a17d225bbc5096) Importer(815301076,1909f56bfc062723c751e8b465ee728b)  -> (artifact id: '320a652d63683ff62a2061d9e67caed5') in 0.018972 seconds 
========================================================================
Received Import Request.
  Time since last request: 0.000027 seconds.
  path: Assets/ZRNAssets/005339_08932_25_14/Materials/005339_08932_25_14_unitedmat_13.mat
  artifactKey: Guid(d7cf477c6fb014ce4a98049fb0401e42) Importer(815301076,1909f56bfc062723c751e8b465ee728b)
Start importing Assets/ZRNAssets/005339_08932_25_14/Materials/005339_08932_25_14_unitedmat_13.mat using Guid(d7cf477c6fb014ce4a98049fb0401e42) Importer(815301076,1909f56bfc062723c751e8b465ee728b)  -> (artifact id: 'da3cfadd298b8ed25c56ca6f67ceb215') in 0.018901 seconds 
========================================================================
Received Import Request.
  Time since last request: 0.000030 seconds.
  path: Assets/ZRNAssets/005339_08932_25_14/Materials/005339_08932_25_14_unitedmat_12.mat
  artifactKey: Guid(21a5061385d0c48c7832a9ac97812fb2) Importer(815301076,1909f56bfc062723c751e8b465ee728b)
Start importing Assets/ZRNAssets/005339_08932_25_14/Materials/005339_08932_25_14_unitedmat_12.mat using Guid(21a5061385d0c48c7832a9ac97812fb2) Importer(815301076,1909f56bfc062723c751e8b465ee728b)  -> (artifact id: 'de1e524d6902a2abd5481f5c428fe9b7') in 0.019483 seconds 
========================================================================
Received Import Request.
  Time since last request: 0.000023 seconds.
  path: Assets/ZRNAssets/005339_08932_25_14/Materials/005339_08932_25_14_unitedmat_34.mat
  artifactKey: Guid(0758a23fb48e24f8dbb593f66e333c82) Importer(815301076,1909f56bfc062723c751e8b465ee728b)
Start importing Assets/ZRNAssets/005339_08932_25_14/Materials/005339_08932_25_14_unitedmat_34.mat using Guid(0758a23fb48e24f8dbb593f66e333c82) Importer(815301076,1909f56bfc062723c751e8b465ee728b)  -> (artifact id: 'e20019fa0f54d44cb3ba98b7b9e3dc34') in 0.019486 seconds 
========================================================================
Received Import Request.
  Time since last request: 0.000023 seconds.
  path: Assets/ZRNAssets/005339_08932_25_14/Materials/005339_08932_25_14_unitedmat_17.mat
  artifactKey: Guid(0b0bf8b78c38e411b97d5ff96ee62e95) Importer(815301076,1909f56bfc062723c751e8b465ee728b)
Start importing Assets/ZRNAssets/005339_08932_25_14/Materials/005339_08932_25_14_unitedmat_17.mat using Guid(0b0bf8b78c38e411b97d5ff96ee62e95) Importer(815301076,1909f56bfc062723c751e8b465ee728b)  -> (artifact id: '1771d107934b8357c44c3b54ea03650a') in 0.019487 seconds 
========================================================================
Received Import Request.
  Time since last request: 0.000019 seconds.
  path: Assets/ZRNAssets/005339_08932_25_14/Materials/005339_08932_25_14_unitedmat_53.mat
  artifactKey: Guid(f9ba9c82115dd4330b298fe3d0d28932) Importer(815301076,1909f56bfc062723c751e8b465ee728b)
Start importing Assets/ZRNAssets/005339_08932_25_14/Materials/005339_08932_25_14_unitedmat_53.mat using Guid(f9ba9c82115dd4330b298fe3d0d28932) Importer(815301076,1909f56bfc062723c751e8b465ee728b)  -> (artifact id: '7fabe62c3c41944e17b89be2256d6cb4') in 0.020023 seconds 
========================================================================
Received Import Request.
  Time since last request: 0.000018 seconds.
  path: Assets/ZRNAssets/005339_08932_25_14/Materials/005339_08932_25_14_unitedmat_58.mat
  artifactKey: Guid(cac333fb7e713476781597a0afed0968) Importer(815301076,1909f56bfc062723c751e8b465ee728b)
Start importing Assets/ZRNAssets/005339_08932_25_14/Materials/005339_08932_25_14_unitedmat_58.mat using Guid(cac333fb7e713476781597a0afed0968) Importer(815301076,1909f56bfc062723c751e8b465ee728b)  -> (artifact id: '6508348a825dc6feaf712a83e9c87a09') in 0.018318 seconds 
========================================================================
Received Import Request.
  Time since last request: 0.000017 seconds.
  path: Assets/ZRNAssets/005339_08932_25_14/Materials/005339_08932_25_14_unitedmat_74.mat
  artifactKey: Guid(913f23e9a7c674b12a712279595c38a7) Importer(815301076,1909f56bfc062723c751e8b465ee728b)
Start importing Assets/ZRNAssets/005339_08932_25_14/Materials/005339_08932_25_14_unitedmat_74.mat using Guid(913f23e9a7c674b12a712279595c38a7) Importer(815301076,1909f56bfc062723c751e8b465ee728b)  -> (artifact id: '6049216e809485103ca1bb3ad4984994') in 0.020413 seconds 
========================================================================
Received Import Request.
  Time since last request: 0.000026 seconds.
  path: Assets/ZRNAssets/005339_08932_25_14/Materials/005339_08932_25_14_unitedmat_57.mat
  artifactKey: Guid(43e0eae40193144c9a862ba0b3f0c9b5) Importer(815301076,1909f56bfc062723c751e8b465ee728b)
Start importing Assets/ZRNAssets/005339_08932_25_14/Materials/005339_08932_25_14_unitedmat_57.mat using Guid(43e0eae40193144c9a862ba0b3f0c9b5) Importer(815301076,1909f56bfc062723c751e8b465ee728b)  -> (artifact id: 'a4b996b3b598b3ae0222bc6a8435b308') in 0.018901 seconds 
========================================================================
Received Import Request.
  Time since last request: 0.000019 seconds.
  path: Assets/ZRNAssets/005339_08932_25_14/Materials/005339_08932_25_14_unitedmat_61.mat
  artifactKey: Guid(6c7f92b3a5577496f9eb4e7862152146) Importer(815301076,1909f56bfc062723c751e8b465ee728b)
Start importing Assets/ZRNAssets/005339_08932_25_14/Materials/005339_08932_25_14_unitedmat_61.mat using Guid(6c7f92b3a5577496f9eb4e7862152146) Importer(815301076,1909f56bfc062723c751e8b465ee728b)  -> (artifact id: 'a2f8be174224f06f6a949be475498123') in 0.016992 seconds 
========================================================================
Received Import Request.
  Time since last request: 0.000025 seconds.
  path: Assets/ZRNAssets/005339_08932_25_14/Materials/005339_08932_25_14_unitedmat_29.mat
  artifactKey: Guid(b20efcf744be545968463ec1b1ee3e65) Importer(815301076,1909f56bfc062723c751e8b465ee728b)
Start importing Assets/ZRNAssets/005339_08932_25_14/Materials/005339_08932_25_14_unitedmat_29.mat using Guid(b20efcf744be545968463ec1b1ee3e65) Importer(815301076,1909f56bfc062723c751e8b465ee728b)  -> (artifact id: 'caf2377a80d7d6f4f729d59382c425e9') in 0.017627 seconds 
========================================================================
Received Import Request.
  Time since last request: 0.000022 seconds.
  path: Assets/ZRNAssets/005339_08932_25_14/Materials/005339_08932_25_14_unitedmat_18.mat
  artifactKey: Guid(378391e32b7804f01a97d6f26ab2b9d9) Importer(815301076,1909f56bfc062723c751e8b465ee728b)
Start importing Assets/ZRNAssets/005339_08932_25_14/Materials/005339_08932_25_14_unitedmat_18.mat using Guid(378391e32b7804f01a97d6f26ab2b9d9) Importer(815301076,1909f56bfc062723c751e8b465ee728b)  -> (artifact id: '32829bdea016b89c08d092bd307facb5') in 0.017970 seconds 
========================================================================
Received Import Request.
  Time since last request: 0.000016 seconds.
  path: Assets/ZRNAssets/005339_08932_25_14/Materials/005339_08932_25_14_unitedmat_5.mat
  artifactKey: Guid(60d53a416c826429c84697d311c95199) Importer(815301076,1909f56bfc062723c751e8b465ee728b)
Start importing Assets/ZRNAssets/005339_08932_25_14/Materials/005339_08932_25_14_unitedmat_5.mat using Guid(60d53a416c826429c84697d311c95199) Importer(815301076,1909f56bfc062723c751e8b465ee728b)  -> (artifact id: 'b20ab7fd85085ee3b4b6535c731b0691') in 0.021052 seconds 
========================================================================
Received Import Request.
  Time since last request: 0.000018 seconds.
  path: Assets/ZRNAssets/005339_08932_25_14/Materials/005339_08932_25_14_unitedmat_52.mat
  artifactKey: Guid(49a756ee1477c4e7b9fb454ae0febb67) Importer(815301076,1909f56bfc062723c751e8b465ee728b)
Start importing Assets/ZRNAssets/005339_08932_25_14/Materials/005339_08932_25_14_unitedmat_52.mat using Guid(49a756ee1477c4e7b9fb454ae0febb67) Importer(815301076,1909f56bfc062723c751e8b465ee728b)  -> (artifact id: '6a8ef8c32bab110a8ad43bf23404e7f6') in 0.016942 seconds 
========================================================================
Received Import Request.
  Time since last request: 0.000020 seconds.
  path: Assets/ZRNAssets/005339_08932_25_14/Materials/005339_08932_25_14_unitedmat_3.mat
  artifactKey: Guid(8a8dca61412f34e0abf61ad264e1f041) Importer(815301076,1909f56bfc062723c751e8b465ee728b)
Start importing Assets/ZRNAssets/005339_08932_25_14/Materials/005339_08932_25_14_unitedmat_3.mat using Guid(8a8dca61412f34e0abf61ad264e1f041) Importer(815301076,1909f56bfc062723c751e8b465ee728b)  -> (artifact id: 'f647ffcf002069c41c74b0637b784aa7') in 0.017504 seconds 
========================================================================
Received Import Request.
  Time since last request: 0.000015 seconds.
  path: Assets/ZRNAssets/005339_08932_25_14/Materials/005339_08932_25_14_unitedmat_44.mat
  artifactKey: Guid(60cee4f8a913240ae9834a26602f74fd) Importer(815301076,1909f56bfc062723c751e8b465ee728b)
Start importing Assets/ZRNAssets/005339_08932_25_14/Materials/005339_08932_25_14_unitedmat_44.mat using Guid(60cee4f8a913240ae9834a26602f74fd) Importer(815301076,1909f56bfc062723c751e8b465ee728b)  -> (artifact id: 'e65dea738b9eb449b865de5e73acb407') in 0.017413 seconds 
========================================================================
Received Import Request.
  Time since last request: 0.000022 seconds.
  path: Assets/ZRNAssets/005339_08932_25_14/Materials/005339_08932_25_14_unitedmat_35.mat
  artifactKey: Guid(559dc6a6705344ed8aa2d5cb4af6bd4a) Importer(815301076,1909f56bfc062723c751e8b465ee728b)
Start importing Assets/ZRNAssets/005339_08932_25_14/Materials/005339_08932_25_14_unitedmat_35.mat using Guid(559dc6a6705344ed8aa2d5cb4af6bd4a) Importer(815301076,1909f56bfc062723c751e8b465ee728b)  -> (artifact id: '487559f70564e3e1ff61c12965b31887') in 0.018485 seconds 
========================================================================
Received Import Request.
  Time since last request: 0.000021 seconds.
  path: Assets/ZRNAssets/005339_08932_25_14/Materials/005339_08932_25_14_unitedmat_54.mat
  artifactKey: Guid(07aef4cdbc55a4c91908650c2ec2e2f3) Importer(815301076,1909f56bfc062723c751e8b465ee728b)
Start importing Assets/ZRNAssets/005339_08932_25_14/Materials/005339_08932_25_14_unitedmat_54.mat using Guid(07aef4cdbc55a4c91908650c2ec2e2f3) Importer(815301076,1909f56bfc062723c751e8b465ee728b)  -> (artifact id: '967ccd2cd6cb0e1d3a290affad55b520') in 0.027185 seconds 
========================================================================
Received Import Request.
  Time since last request: 0.000019 seconds.
  path: Assets/ZRNAssets/005339_08932_25_14/Materials/005339_08932_25_14_unitedmat_43.mat
  artifactKey: Guid(80cff8ee38e66488194f3a51ec31535e) Importer(815301076,1909f56bfc062723c751e8b465ee728b)
Start importing Assets/ZRNAssets/005339_08932_25_14/Materials/005339_08932_25_14_unitedmat_43.mat using Guid(80cff8ee38e66488194f3a51ec31535e) Importer(815301076,1909f56bfc062723c751e8b465ee728b)  -> (artifact id: '89ec6cdea36cb24a0cf6084ead524905') in 0.016941 seconds 
========================================================================
Received Import Request.
  Time since last request: 0.000026 seconds.
  path: Assets/ZRNAssets/005339_08932_25_14/Materials/005339_08932_25_14_unitedmat_64.mat
  artifactKey: Guid(24481d9d9bc7f44e985601a42b492271) Importer(815301076,1909f56bfc062723c751e8b465ee728b)
Start importing Assets/ZRNAssets/005339_08932_25_14/Materials/005339_08932_25_14_unitedmat_64.mat using Guid(24481d9d9bc7f44e985601a42b492271) Importer(815301076,1909f56bfc062723c751e8b465ee728b)  -> (artifact id: '6784004c06add8154ca77d087d78d15b') in 0.017479 seconds 
========================================================================
Received Import Request.
  Time since last request: 0.000027 seconds.
  path: Assets/ZRNAssets/005339_08932_25_14/Materials/005339_08932_25_14_unitedmat_67.mat
  artifactKey: Guid(ddcc6cefcce8b4109b48a0eba0d570ef) Importer(815301076,1909f56bfc062723c751e8b465ee728b)
Start importing Assets/ZRNAssets/005339_08932_25_14/Materials/005339_08932_25_14_unitedmat_67.mat using Guid(ddcc6cefcce8b4109b48a0eba0d570ef) Importer(815301076,1909f56bfc062723c751e8b465ee728b)  -> (artifact id: '1972dcd1820c45ad4261339ec211a106') in 0.018687 seconds 
========================================================================
Received Import Request.
  Time since last request: 0.000024 seconds.
  path: Assets/ZRNAssets/005339_08932_25_14/Materials/005339_08932_25_14_unitedmat_41.mat
  artifactKey: Guid(c238634b141fd43c88c936cc1a4830b9) Importer(815301076,1909f56bfc062723c751e8b465ee728b)
Start importing Assets/ZRNAssets/005339_08932_25_14/Materials/005339_08932_25_14_unitedmat_41.mat using Guid(c238634b141fd43c88c936cc1a4830b9) Importer(815301076,1909f56bfc062723c751e8b465ee728b)  -> (artifact id: '4f7eb73875db22312da43ade5db48afc') in 0.018025 seconds 
========================================================================
Received Import Request.
  Time since last request: 0.000019 seconds.
  path: Assets/ZRNAssets/005339_08932_25_14/Materials/005339_08932_25_14_unitedmat_75.mat
  artifactKey: Guid(7431198924a1d4ce9b7be1636b04f833) Importer(815301076,1909f56bfc062723c751e8b465ee728b)
Start importing Assets/ZRNAssets/005339_08932_25_14/Materials/005339_08932_25_14_unitedmat_75.mat using Guid(7431198924a1d4ce9b7be1636b04f833) Importer(815301076,1909f56bfc062723c751e8b465ee728b)  -> (artifact id: '62e5d182a51ed35fb4a5a39e55bfbc2a') in 0.018136 seconds 
========================================================================
Received Import Request.
  Time since last request: 0.000025 seconds.
  path: Assets/ZRNAssets/005339_08932_25_14/Materials/005339_08932_25_14_unitedmat_47.mat
  artifactKey: Guid(421ad03566887403e9905753f4458621) Importer(815301076,1909f56bfc062723c751e8b465ee728b)
Start importing Assets/ZRNAssets/005339_08932_25_14/Materials/005339_08932_25_14_unitedmat_47.mat using Guid(421ad03566887403e9905753f4458621) Importer(815301076,1909f56bfc062723c751e8b465ee728b)  -> (artifact id: '34b3bc68e5cf8ce3254ab0392b31a023') in 0.019718 seconds 
========================================================================
Received Import Request.
  Time since last request: 0.000024 seconds.
  path: Assets/ZRNAssets/005339_08932_25_14/Materials/005339_08932_25_14_unitedmat_24.mat
  artifactKey: Guid(88df3c9d2b1314eaf8eda3281f2ac532) Importer(815301076,1909f56bfc062723c751e8b465ee728b)
Start importing Assets/ZRNAssets/005339_08932_25_14/Materials/005339_08932_25_14_unitedmat_24.mat using Guid(88df3c9d2b1314eaf8eda3281f2ac532) Importer(815301076,1909f56bfc062723c751e8b465ee728b)  -> (artifact id: 'b6bab587691abd1af2978a45fc37c7f1') in 0.019620 seconds 
========================================================================
Received Import Request.
  Time since last request: 0.000036 seconds.
  path: Assets/ZRNAssets/005339_08932_25_14/Materials/005339_08932_25_14_unitedmat_7.mat
  artifactKey: Guid(2cf2d9b868d394790b0756c2288f2e9a) Importer(815301076,1909f56bfc062723c751e8b465ee728b)
Start importing Assets/ZRNAssets/005339_08932_25_14/Materials/005339_08932_25_14_unitedmat_7.mat using Guid(2cf2d9b868d394790b0756c2288f2e9a) Importer(815301076,1909f56bfc062723c751e8b465ee728b)  -> (artifact id: 'fc188c020b02f5b46ee72cde71f0a056') in 0.026703 seconds 
========================================================================
Received Import Request.
  Time since last request: 0.000020 seconds.
  path: Assets/ZRNAssets/005339_08932_25_14/Materials/005339_08932_25_14_unitedmat_42.mat
  artifactKey: Guid(d7701904ccf6e47a29fb3db10b8ce56a) Importer(815301076,1909f56bfc062723c751e8b465ee728b)
Start importing Assets/ZRNAssets/005339_08932_25_14/Materials/005339_08932_25_14_unitedmat_42.mat using Guid(d7701904ccf6e47a29fb3db10b8ce56a) Importer(815301076,1909f56bfc062723c751e8b465ee728b)  -> (artifact id: 'a8e72d911016d586fd950d4efa3aafb5') in 0.017660 seconds 
========================================================================
Received Import Request.
  Time since last request: 0.000023 seconds.
  path: Assets/ZRNAssets/005339_08932_25_14/Materials/005339_08932_25_14_unitedmat_46.mat
  artifactKey: Guid(60ec77f98222e41139759c81f361b35a) Importer(815301076,1909f56bfc062723c751e8b465ee728b)
Start importing Assets/ZRNAssets/005339_08932_25_14/Materials/005339_08932_25_14_unitedmat_46.mat using Guid(60ec77f98222e41139759c81f361b35a) Importer(815301076,1909f56bfc062723c751e8b465ee728b)  -> (artifact id: '59dfd2918adc17bafb3e63e688d224e7') in 0.019732 seconds 
========================================================================
Received Import Request.
  Time since last request: 0.000026 seconds.
  path: Assets/ZRNAssets/005339_08932_25_14/Materials/005339_08932_25_14_unitedmat_77.mat
  artifactKey: Guid(abc9a78c5f99944b4a6a4cdb73483966) Importer(815301076,1909f56bfc062723c751e8b465ee728b)
Start importing Assets/ZRNAssets/005339_08932_25_14/Materials/005339_08932_25_14_unitedmat_77.mat using Guid(abc9a78c5f99944b4a6a4cdb73483966) Importer(815301076,1909f56bfc062723c751e8b465ee728b)  -> (artifact id: 'a176fd16dd1a71901ff8f49bc07274eb') in 0.020979 seconds 
========================================================================
Received Import Request.
  Time since last request: 0.000025 seconds.
  path: Assets/ZRNAssets/005339_08932_25_14/Materials/005339_08932_25_14_unitedmat_63.mat
  artifactKey: Guid(e31d7ef2a5dc94a7bbc8ef3a5c528b82) Importer(815301076,1909f56bfc062723c751e8b465ee728b)
Start importing Assets/ZRNAssets/005339_08932_25_14/Materials/005339_08932_25_14_unitedmat_63.mat using Guid(e31d7ef2a5dc94a7bbc8ef3a5c528b82) Importer(815301076,1909f56bfc062723c751e8b465ee728b)  -> (artifact id: '91530b77434d0dbd5508af4e44a4e8f1') in 0.018063 seconds 
========================================================================
Received Import Request.
  Time since last request: 0.000021 seconds.
  path: Assets/ZRNAssets/005339_08932_25_14/Materials/005339_08932_25_14_unitedmat_40.mat
  artifactKey: Guid(7e0eba4c9f7454588b9e7c00fabcb920) Importer(815301076,1909f56bfc062723c751e8b465ee728b)
Start importing Assets/ZRNAssets/005339_08932_25_14/Materials/005339_08932_25_14_unitedmat_40.mat using Guid(7e0eba4c9f7454588b9e7c00fabcb920) Importer(815301076,1909f56bfc062723c751e8b465ee728b)  -> (artifact id: '678c6af5d3fb28d6fefc18e6cdf97a39') in 0.019852 seconds 
========================================================================
Received Prepare
Registering precompiled user dll's ...
Registered in 0.010243 seconds.
Begin MonoManager ReloadAssembly
Symbol file LoadedFromMemory doesn't match image C:\Users\Jem\Documents\GitHub\GDTVGameJam2022\TruckKun2\Library\PackageCache\com.unity.visualscripting@1.7.6\Editor\VisualScripting.Core\Dependencies\YamlDotNet\Unity.VisualScripting.YamlDotNet.dll
Symbol file LoadedFromMemory doesn't match image C:\Users\Jem\Documents\GitHub\GDTVGameJam2022\TruckKun2\Library\PackageCache\com.unity.visualscripting@1.7.6\Editor\VisualScripting.Core\Dependencies\DotNetZip\Unity.VisualScripting.IonicZip.dll
Native extension for WindowsStandalone target not found
Native extension for WebGL target not found
Refreshing native plugins compatible for Editor in 0.73 ms, found 3 plugins.
Preloading 0 native plugins for Editor in 0.00 ms.
Mono: successfully reloaded assembly
- Completed reload, in  1.418 seconds
Domain Reload Profiling:
	ReloadAssembly (1419ms)
		BeginReloadAssembly (180ms)
			ExecutionOrderSort (0ms)
			DisableScriptedObjects (6ms)
			BackupInstance (0ms)
			ReleaseScriptingObjects (0ms)
			CreateAndSetChildDomain (40ms)
		EndReloadAssembly (1078ms)
			LoadAssemblies (137ms)
			RebuildTransferFunctionScriptingTraits (0ms)
			SetupTypeCache (391ms)
			ReleaseScriptCaches (1ms)
			RebuildScriptCaches (62ms)
			SetupLoadedEditorAssemblies (440ms)
				LogAssemblyErrors (0ms)
				InitializePlatformSupportModulesInManaged (17ms)
				SetLoadedEditorAssemblies (1ms)
				RefreshPlugins (1ms)
				BeforeProcessingInitializeOnLoad (104ms)
				ProcessInitializeOnLoadAttributes (277ms)
				ProcessInitializeOnLoadMethodAttributes (35ms)
				AfterProcessingInitializeOnLoad (6ms)
				EditorAssembliesLoaded (0ms)
			ExecutionOrderSort2 (0ms)
			AwakeInstancesAfterBackupRestoration (10ms)
Platform modules already initialized, skipping
Refreshing native plugins compatible for Editor in 3.68 ms, found 3 plugins.
Preloading 0 native plugins for Editor in 0.00 ms.
Unloading 3370 Unused Serialized files (Serialized files now loaded: 0)
Unloading 19 unused Assets / (80.8 KB). Loaded Objects now: 3891.
Memory consumption went from 132.2 MB to 132.1 MB.
Total: 4.399300 ms (FindLiveObjects: 0.337500 ms CreateObjectMapping: 0.265800 ms MarkObjects: 3.677600 ms  DeleteObjects: 0.117000 ms)

AssetImportParameters requested are different than current active one (requested -> active):
  custom:video-decoder-ogg-theora: a1e56fd34408186e4bbccfd4996cb3dc -> 
  custom:container-muxer-webm: aa71ff27fc2769a1b78a27578f13a17b -> 
  custom:container-demuxer-webm: 4f35f7cbe854078d1ac9338744f61a02 -> 
  custom:video-encoder-webm-vp8: eb34c28f22e8b96e1ab97ce403110664 -> 
  custom:video-codec-MediaFoundation-h265: 746d11721c4dcdbdad8f713fa42b33f4 -> 
  custom:audio-encoder-webm-vorbis: bf7c407c2cedff20999df2af8eb42d56 -> 
  custom:framework-win-MediaFoundation: 216162199b28c13a410421893ffa2e32 -> 
  custom:container-demuxer-ogg: 62fdf1f143b41e24485cea50d1cbac27 -> 
  custom:video-decoder-webm-vp8: 9c59270c3fd7afecdb556c50c9e8de78 -> 
  custom:audio-decoder-ogg-vorbis: bf7c407c2cedff20999df2af8eb42d56 -> 
